<?xml version="1.0" encoding="UTF-8"?>
<!-- Generated by org.testng.reporters.JUnitReportReporter -->
<testsuite skipped="0" hostname="TARIQ-PC" name="cloudstore.Assertion" tests="2" failures="0" timestamp="2019-11-26T18:44:22 BDT" time="0.020" errors="0">
  <testcase name="f" time="0.012" classname="cloudstore.Assertion"/>
  <testcase name="g" time="0.008" classname="cloudstore.Assertion"/>
</testsuite> <!-- cloudstore.Assertion -->
