<?xml version="1.0" encoding="UTF-8"?>
<!-- Generated by org.testng.reporters.JUnitReportReporter -->
<testsuite skipped="0" hostname="TARIQ-PC" name="cloudstore.NewTest" tests="2" failures="0" timestamp="2019-09-08T17:37:40 BDT" time="3.470" errors="0">
  <testcase name="searchitem" time="3.447" classname="cloudstore.NewTest"/>
  <testcase name="asserttest" time="0.023" classname="cloudstore.NewTest"/>
</testsuite> <!-- cloudstore.NewTest -->
