<?xml version="1.0" encoding="UTF-8"?>
<!-- Generated by org.testng.reporters.JUnitReportReporter -->
<testsuite skipped="0" hostname="TARIQ-PC" name="cloudstore.BasicTest" tests="1" failures="0" timestamp="2019-09-06T13:21:29 BDT" time="0.762" errors="0">
  <testcase name="createitem" time="0.762" classname="cloudstore.BasicTest"/>
</testsuite> <!-- cloudstore.BasicTest -->
